TN:
SF:C:\Users\m.huber\_Projects\TypeScriptHelloWorld\src\GoodbyeWorld.ts
FN:5,(anonymous_1)
FN:6,(anonymous_2)
FN:13,GoodbyeWorld
FN:9,(anonymous_4)
FN:17,(anonymous_5)
FNF:5
FNH:4
FNDA:1,(anonymous_1)
FNDA:1,(anonymous_2)
FNDA:1,GoodbyeWorld
FNDA:0,(anonymous_4)
FNDA:1,(anonymous_5)
DA:5,2
DA:6,1
DA:9,1
DA:10,0
DA:13,1
DA:14,1
DA:17,1
DA:18,1
DA:21,1
LF:9
LH:8
BRDA:5,1,0,1
BRDA:5,1,1,1
BRF:2
BRH:2
end_of_record
TN:
SF:C:\Users\m.huber\_Projects\TypeScriptHelloWorld\src\HelloWorld.ts
FN:1,(anonymous_1)
FN:2,(anonymous_2)
FN:8,HelloWorld
FN:3,(anonymous_4)
FN:12,(anonymous_5)
FN:16,(anonymous_6)
FN:20,(anonymous_7)
FNF:7
FNH:6
FNDA:1,(anonymous_1)
FNDA:1,(anonymous_2)
FNDA:1,HelloWorld
FNDA:1,(anonymous_4)
FNDA:2,(anonymous_5)
FNDA:1,(anonymous_6)
FNDA:0,(anonymous_7)
DA:1,2
DA:2,1
DA:3,1
DA:4,1
DA:8,1
DA:9,1
DA:12,1
DA:13,2
DA:16,1
DA:17,1
DA:20,1
DA:21,0
DA:23,1
LF:13
LH:12
BRDA:1,1,0,1
BRDA:1,1,1,0
BRF:2
BRH:1
end_of_record
