{
"C:\\Users\\m.huber\\_Projects\\TypeScriptHelloWorld\\js\\src\\GoodbyeWorld.js":{"path":"C:\\Users\\m.huber\\_Projects\\TypeScriptHelloWorld\\js\\src\\GoodbyeWorld.js","s":{"1":1,"2":1,"3":1,"4":1,"5":1,"6":1,"7":0,"8":1,"9":1,"10":1,"11":1},"b":{"1":[1,1]},"f":{"1":1,"2":1,"3":1,"4":0,"5":1},"fnMap":{"1":{"name":"(anonymous_1)","line":6,"loc":{"start":{"line":6,"column":1},"end":{"line":6,"column":18}}},"2":{"name":"(anonymous_2)","line":7,"loc":{"start":{"line":7,"column":24},"end":{"line":7,"column":36}}},"3":{"name":"GoodbyeWorld","line":8,"loc":{"start":{"line":8,"column":8},"end":{"line":8,"column":37}}},"4":{"name":"(anonymous_4)","line":11,"loc":{"start":{"line":11,"column":45},"end":{"line":11,"column":57}}},"5":{"name":"(anonymous_5)","line":14,"loc":{"start":{"line":14,"column":46},"end":{"line":14,"column":58}}}},"statementMap":{"1":{"start":{"line":5,"column":0},"end":{"line":5,"column":10}},"2":{"start":{"line":6,"column":0},"end":{"line":20,"column":26}},"3":{"start":{"line":7,"column":4},"end":{"line":18,"column":9}},"4":{"start":{"line":8,"column":8},"end":{"line":10,"column":9}},"5":{"start":{"line":9,"column":12},"end":{"line":9,"column":34}},"6":{"start":{"line":11,"column":8},"end":{"line":13,"column":10}},"7":{"start":{"line":12,"column":12},"end":{"line":12,"column":25}},"8":{"start":{"line":14,"column":8},"end":{"line":16,"column":10}},"9":{"start":{"line":15,"column":12},"end":{"line":15,"column":76}},"10":{"start":{"line":17,"column":8},"end":{"line":17,"column":28}},"11":{"start":{"line":19,"column":4},"end":{"line":19,"column":38}}},"branchMap":{"1":{"line":20,"type":"binary-expr","locations":[{"start":{"line":20,"column":3},"end":{"line":20,"column":8}},{"start":{"line":20,"column":13},"end":{"line":20,"column":23}}]}},"l":{"5":1,"6":1,"7":1,"8":1,"9":1,"11":1,"12":0,"14":1,"15":1,"17":1,"19":1}},
"C:\\Users\\m.huber\\_Projects\\TypeScriptHelloWorld\\js\\src\\HelloWorld.js":{"path":"C:\\Users\\m.huber\\_Projects\\TypeScriptHelloWorld\\js\\src\\HelloWorld.js","s":{"1":1,"2":1,"3":1,"4":1,"5":1,"6":1,"7":1,"8":1,"9":2,"10":1,"11":1,"12":1,"13":0,"14":1,"15":1},"b":{"1":[1,0]},"f":{"1":1,"2":1,"3":1,"4":1,"5":2,"6":1,"7":0},"fnMap":{"1":{"name":"(anonymous_1)","line":2,"loc":{"start":{"line":2,"column":1},"end":{"line":2,"column":18}}},"2":{"name":"(anonymous_2)","line":3,"loc":{"start":{"line":3,"column":22},"end":{"line":3,"column":34}}},"3":{"name":"HelloWorld","line":4,"loc":{"start":{"line":4,"column":8},"end":{"line":4,"column":35}}},"4":{"name":"(anonymous_4)","line":7,"loc":{"start":{"line":7,"column":43},"end":{"line":7,"column":55}}},"5":{"name":"(anonymous_5)","line":10,"loc":{"start":{"line":10,"column":44},"end":{"line":10,"column":56}}},"6":{"name":"(anonymous_6)","line":13,"loc":{"start":{"line":13,"column":41},"end":{"line":13,"column":53}}},"7":{"name":"(anonymous_7)","line":16,"loc":{"start":{"line":16,"column":44},"end":{"line":16,"column":56}}}},"statementMap":{"1":{"start":{"line":1,"column":0},"end":{"line":1,"column":10}},"2":{"start":{"line":2,"column":0},"end":{"line":22,"column":26}},"3":{"start":{"line":3,"column":4},"end":{"line":20,"column":9}},"4":{"start":{"line":4,"column":8},"end":{"line":6,"column":9}},"5":{"start":{"line":5,"column":12},"end":{"line":5,"column":33}},"6":{"start":{"line":7,"column":8},"end":{"line":9,"column":10}},"7":{"start":{"line":8,"column":12},"end":{"line":8,"column":24}},"8":{"start":{"line":10,"column":8},"end":{"line":12,"column":10}},"9":{"start":{"line":11,"column":12},"end":{"line":11,"column":32}},"10":{"start":{"line":13,"column":8},"end":{"line":15,"column":10}},"11":{"start":{"line":14,"column":12},"end":{"line":14,"column":35}},"12":{"start":{"line":16,"column":8},"end":{"line":18,"column":10}},"13":{"start":{"line":17,"column":12},"end":{"line":17,"column":47}},"14":{"start":{"line":19,"column":8},"end":{"line":19,"column":26}},"15":{"start":{"line":21,"column":4},"end":{"line":21,"column":34}}},"branchMap":{"1":{"line":22,"type":"binary-expr","locations":[{"start":{"line":22,"column":3},"end":{"line":22,"column":8}},{"start":{"line":22,"column":13},"end":{"line":22,"column":23}}]}},"l":{"1":1,"2":1,"3":1,"4":1,"5":1,"7":1,"8":1,"10":1,"11":2,"13":1,"14":1,"16":1,"17":0,"19":1,"21":1}},
"C:\\Users\\m.huber\\_Projects\\TypeScriptHelloWorld\\js\\src\\worldInterface.js":{"path":"C:\\Users\\m.huber\\_Projects\\TypeScriptHelloWorld\\js\\src\\worldInterface.js","s":{},"b":{},"f":{},"fnMap":{},"statementMap":{},"branchMap":{},"l":{}}}
